<?xml version="1.0" encoding="UTF-8"?>
<!-- Generated by org.testng.reporters.JUnitReportReporter -->
<testsuite skipped="0" hostname="MUMTEWD00052" name="com.qa.zener.testcases.ZenerUserTest" tests="1" failures="0" timestamp="11 Feb 2019 07:26:08 GMT" time="8.345" errors="0">
  <testcase name="verifyZenerUserTest" time="8.345" classname="com.qa.zener.testcases.ZenerUserTest"/>
</testsuite> <!-- com.qa.zener.testcases.ZenerUserTest -->
