<?xml version="1.0" encoding="UTF-8"?>
<!-- Generated by org.testng.reporters.JUnitReportReporter -->
<testsuite skipped="0" hostname="MUMTEWD00052" name="com.qa.zener.testcases.HomePageTest" tests="3" failures="0" timestamp="11 Feb 2019 07:25:15 GMT" time="31.607" errors="0">
  <testcase name="verifyHomePageTitleTest" time="6.285" classname="com.qa.zener.testcases.HomePageTest"/>
  <testcase name="verifyuserLabelTest" time="15.606" classname="com.qa.zener.testcases.HomePageTest"/>
  <testcase name="verifyMasterLinkTest" time="9.716" classname="com.qa.zener.testcases.HomePageTest"/>
</testsuite> <!-- com.qa.zener.testcases.HomePageTest -->
