<?xml version="1.0" encoding="UTF-8"?>
<!-- Generated by org.testng.reporters.JUnitReportReporter -->
<testsuite skipped="0" hostname="MUMTEWD00052" name="com.qa.zener.testcases.LoginPageTest" tests="6" failures="0" timestamp="08 Feb 2019 12:42:09 GMT" time="53.235" errors="0">
  <testcase name="loginPageTitleTest" time="5.467" classname="com.qa.zener.testcases.LoginPageTest"/>
  <testcase name="ZenerImageLogoTest" time="14.369" classname="com.qa.zener.testcases.LoginPageTest"/>
  <testcase name="ZenerLoginValdationTest" time="7.527" classname="com.qa.zener.testcases.LoginPageTest"/>
  <testcase name="ZenerLoginValdationTestPass" time="5.473" classname="com.qa.zener.testcases.LoginPageTest"/>
  <testcase name="inValid" time="14.783" classname="com.qa.zener.testcases.LoginPageTest"/>
  <testcase name="loginTest" time="5.616" classname="com.qa.zener.testcases.LoginPageTest"/>
</testsuite> <!-- com.qa.zener.testcases.LoginPageTest -->
